cicd: install
Secrets: install
NAME: vault
LAST DEPLOYED: Thu Oct  8 13:04:22 2020
NAMESPACE: secrets
STATUS: deployed
REVISION: 1
TEST SUITE: None
NOTES:
Thank you for installing HashiCorp Vault!

Now that you have deployed Vault, you should look over the docs on using
Vault with Kubernetes available here:

https://www.vaultproject.io/docs/


Your release is named vault. To learn more about the release, try:

  $ helm status vault
  $ helm get vault
Monitoring: install-grafana
Monitoring: install-grafana
NAME: grafana
LAST DEPLOYED: Thu Oct  8 13:04:25 2020
NAMESPACE: monitoring
STATUS: deployed
REVISION: 1
NOTES:
1. Get your 'admin' user password by running:

   kubectl get secret --namespace monitoring grafana -o jsonpath="{.data.admin-password}" | base64 --decode ; echo

2. The Grafana server can be accessed via port 80 on the following DNS name from within your cluster:

   grafana.monitoring.svc.cluster.local

   Get the Grafana URL to visit by running these commands in the same shell:
export NODE_PORT=$(kubectl get --namespace monitoring -o jsonpath="{.spec.ports[0].nodePort}" services grafana)
     export NODE_IP=$(kubectl get nodes --namespace monitoring -o jsonpath="{.items[0].status.addresses[0].address}")
     echo http://$NODE_IP:$NODE_PORT


3. Login with the password from step 1 and the username: admin
#################################################################################
######   WARNING: Persistence is disabled!!! You will lose your data when   #####
######            the Grafana pod is terminated.                            #####
#################################################################################
Logging: install-elasticsearch
NAME: elasticsearch
LAST DEPLOYED: Thu Oct  8 13:04:27 2020
NAMESPACE: logging
STATUS: deployed
REVISION: 1
NOTES:
1. Watch all cluster members come up.
  $ kubectl get pods --namespace=logging -l app=elasticsearch-master -w
2. Test cluster health using Helm test.
  $ helm test elasticsearch --cleanup
Logging: install-fluent-bit
NAME: fluent-bit
LAST DEPLOYED: Thu Oct  8 13:04:29 2020
NAMESPACE: logging
STATUS: deployed
REVISION: 1
NOTES:
Get Fluent Bit build information by running these commands:

export POD_NAME=$(kubectl get pods --namespace logging -l "app.kubernetes.io/name=fluent-bit,app.kubernetes.io/instance=fluent-bit" -o jsonpath="{.items[0].metadata.name}")
echo "curl http://127.0.0.1:2020 for Fluent Bit build information"
kubectl --namespace logging port-forward $POD_NAME 2020:2020
Logging: install-kibana
NAME: kibana
LAST DEPLOYED: Thu Oct  8 13:04:32 2020
NAMESPACE: logging
STATUS: deployed
REVISION: 1
TEST SUITE: None
Logging: delete-elasticsearch
Logging: delete-elasticsearch
Logging: delete-elasticsearch
Logging: delete-elasticsearch
Logging: delete-elasticsearch
Logging: delete-elasticsearch
Logging: delete-elasticsearch
Logging: delete-elasticsearch
Logging: delete-elasticsearch
Logging: install-elasticsearch
NAME: elasticsearch
LAST DEPLOYED: Thu Oct  8 13:07:37 2020
NAMESPACE: logging
STATUS: deployed
REVISION: 1
NOTES:
1. Watch all cluster members come up.
  $ kubectl get pods --namespace=logging -l app=elasticsearch-master -w
2. Test cluster health using Helm test.
  $ helm test elasticsearch --cleanup
Logging: install-fluent-bit
NAME: fluent-bit
LAST DEPLOYED: Thu Oct  8 13:07:39 2020
NAMESPACE: logging
STATUS: deployed
REVISION: 1
NOTES:
Get Fluent Bit build information by running these commands:

export POD_NAME=$(kubectl get pods --namespace logging -l "app.kubernetes.io/name=fluent-bit,app.kubernetes.io/instance=fluent-bit" -o jsonpath="{.items[0].metadata.name}")
echo "curl http://127.0.0.1:2020 for Fluent Bit build information"
kubectl --namespace logging port-forward $POD_NAME 2020:2020
Logging: install-kibana
NAME: kibana
LAST DEPLOYED: Thu Oct  8 13:07:40 2020
NAMESPACE: logging
STATUS: deployed
REVISION: 1
TEST SUITE: None
